<?xml version="1.0" encoding="UTF-8"?>
<!-- Generated by org.testng.reporters.JUnitXMLReporter -->
<testsuite hostname="LAPTOP-5HP69GF2" failures="0" tests="8" name="Default test" time="0.051" errors="0" timestamp="5 Jun 2023 05:58:38 GMT">
  <testcase classname="com.example.testing.Day9_1" name="addMethod" time="0.021"/>
  <testcase classname="com.example.testing.Day9_1" name="addMethod" time="0.002"/>
  <testcase classname="com.example.testing.Day9_1" name="divide" time="0.001"/>
  <testcase classname="com.example.testing.Day9_1" name="divide" time="0.001"/>
  <testcase classname="com.example.testing.Day9_1" name="multiplyMethod" time="0.001"/>
  <testcase classname="com.example.testing.Day9_1" name="multiplyMethod" time="0.0"/>
  <testcase classname="com.example.testing.Day9_1" name="subMethod" time="0.002"/>
  <testcase classname="com.example.testing.Day9_1" name="subMethod" time="0.0"/>
</testsuite> <!-- Default test -->
